<?xml version="1.0" encoding="UTF-8"?>
<testng-results skipped="0" failed="0" ignored="0" total="1" passed="1">
  <reporter-output>
  </reporter-output>
  <suite name="Default suite" duration-ms="15766" started-at="2020-07-02T15:58:40Z" finished-at="2020-07-02T15:58:55Z">
    <groups>
    </groups>
    <test name="Default test" duration-ms="15766" started-at="2020-07-02T15:58:40Z" finished-at="2020-07-02T15:58:55Z">
      <class name="AKNXS.php.ecommerce.MyAccount_Logout">
        <test-method status="PASS" signature="OpenBrowser()[pri:0, instance:AKNXS.php.ecommerce.MyAccount_Logout@343f4d3d]" name="OpenBrowser" is-config="true" duration-ms="7304" started-at="2020-07-02T15:58:40Z" finished-at="2020-07-02T15:58:47Z">
          <reporter-output>
          </reporter-output>
        </test-method> <!-- OpenBrowser -->
        <test-method status="PASS" signature="Logout()[pri:0, instance:AKNXS.php.ecommerce.MyAccount_Logout@343f4d3d]" name="Logout" duration-ms="8147" started-at="2020-07-02T15:58:47Z" finished-at="2020-07-02T15:58:55Z">
          <reporter-output>
          </reporter-output>
        </test-method> <!-- Logout -->
        <test-method status="PASS" signature="CloseBrowser()[pri:0, instance:AKNXS.php.ecommerce.MyAccount_Logout@343f4d3d]" name="CloseBrowser" is-config="true" duration-ms="293" started-at="2020-07-02T15:58:55Z" finished-at="2020-07-02T15:58:55Z">
          <reporter-output>
          </reporter-output>
        </test-method> <!-- CloseBrowser -->
      </class> <!-- AKNXS.php.ecommerce.MyAccount_Logout -->
    </test> <!-- Default test -->
  </suite> <!-- Default suite -->
</testng-results>
